<?xml version="1.0" encoding="UTF-8"?>
<robot generator="Robot 6.1.1 (Python 3.11.7 on win32)" generated="20231223 12:23:14.907" rpa="false" schemaversion="4">
<suite id="s1" name="Test-Suite" source="C:\Users\Lenovo\Desktop\TUGAS\basic-automation\test-web\test-suite.robot">
<test id="s1-t1" name="testcase-1" line="25">
<kw name="Login Success">
<kw name="Open Browser" library="SeleniumLibrary">
<arg>${HOST}</arg>
<arg>${BROWSER}</arg>
<doc>Opens a new browser instance to the optional ``url``.</doc>
<msg timestamp="20231223 12:23:15.183" level="INFO">Opening browser 'chrome' to base url 'http://localhost/Website-Simple-Data-Mahasiswa-Menggunakan-PHP-main/login.php'.</msg>
<status status="PASS" starttime="20231223 12:23:15.183" endtime="20231223 12:23:17.562"/>
</kw>
<kw name="Page Should Contain Element" library="SeleniumLibrary">
<arg>xpath://h4[@class='fw-bold' and contains(text(), 'Login | Admin')]</arg>
<doc>Verifies that element ``locator`` is found on the current page.</doc>
<msg timestamp="20231223 12:23:17.582" level="INFO">Current page contains element 'xpath://h4[@class='fw-bold' and contains(text(), 'Login | Admin')]'.</msg>
<status status="PASS" starttime="20231223 12:23:17.562" endtime="20231223 12:23:17.582"/>
</kw>
<kw name="Input Text" library="SeleniumLibrary">
<arg>name:username</arg>
<arg>${EMAIL}</arg>
<doc>Types the given ``text`` into the text field identified by ``locator``.</doc>
<msg timestamp="20231223 12:23:17.583" level="INFO">Typing text 'admin' into text field 'name:username'.</msg>
<status status="PASS" starttime="20231223 12:23:17.583" endtime="20231223 12:23:17.771"/>
</kw>
<kw name="Input Text" library="SeleniumLibrary">
<arg>name:password</arg>
<arg>${PASS-1}</arg>
<doc>Types the given ``text`` into the text field identified by ``locator``.</doc>
<msg timestamp="20231223 12:23:17.772" level="INFO">Typing text 'admin' into text field 'name:password'.</msg>
<status status="PASS" starttime="20231223 12:23:17.771" endtime="20231223 12:23:17.931"/>
</kw>
<kw name="Click Element" library="SeleniumLibrary">
<arg>xpath://button[@type='submit']</arg>
<doc>Click the element identified by ``locator``.</doc>
<msg timestamp="20231223 12:23:17.933" level="INFO">Clicking element 'xpath://button[@type='submit']'.</msg>
<status status="PASS" starttime="20231223 12:23:17.933" endtime="20231223 12:23:23.545"/>
</kw>
<kw name="Page Should Contain Element" library="SeleniumLibrary">
<arg>xpath://h3[contains(text(), 'Data Mahasiswa FTI')]</arg>
<doc>Verifies that element ``locator`` is found on the current page.</doc>
<msg timestamp="20231223 12:23:23.565" level="INFO">Current page contains element 'xpath://h3[contains(text(), 'Data Mahasiswa FTI')]'.</msg>
<status status="PASS" starttime="20231223 12:23:23.546" endtime="20231223 12:23:23.565"/>
</kw>
<status status="PASS" starttime="20231223 12:23:15.182" endtime="20231223 12:23:23.565"/>
</kw>
<kw name="Close Browser" library="SeleniumLibrary">
<doc>Closes the current browser.</doc>
<status status="PASS" starttime="20231223 12:23:23.567" endtime="20231223 12:23:25.751"/>
</kw>
<status status="PASS" starttime="20231223 12:23:15.180" endtime="20231223 12:23:25.753"/>
</test>
<test id="s1-t2" name="testcase-2" line="30">
<kw name="Open Browser" library="SeleniumLibrary">
<arg>${HOST}</arg>
<arg>${BROWSER}</arg>
<doc>Opens a new browser instance to the optional ``url``.</doc>
<msg timestamp="20231223 12:23:25.757" level="INFO">Opening browser 'chrome' to base url 'http://localhost/Website-Simple-Data-Mahasiswa-Menggunakan-PHP-main/login.php'.</msg>
<status status="PASS" starttime="20231223 12:23:25.756" endtime="20231223 12:23:31.318"/>
</kw>
<kw name="Page Should Contain Element" library="SeleniumLibrary">
<arg>xpath://h4[@class='fw-bold' and contains(text(), 'Login | Admin')]</arg>
<doc>Verifies that element ``locator`` is found on the current page.</doc>
<msg timestamp="20231223 12:23:31.343" level="INFO">Current page contains element 'xpath://h4[@class='fw-bold' and contains(text(), 'Login | Admin')]'.</msg>
<status status="PASS" starttime="20231223 12:23:31.318" endtime="20231223 12:23:31.344"/>
</kw>
<kw name="Input Text" library="SeleniumLibrary">
<arg>name:username</arg>
<arg>${EMAIL-2}</arg>
<doc>Types the given ``text`` into the text field identified by ``locator``.</doc>
<msg timestamp="20231223 12:23:31.345" level="INFO">Typing text 'wronguser' into text field 'name:username'.</msg>
<status status="PASS" starttime="20231223 12:23:31.344" endtime="20231223 12:23:31.598"/>
</kw>
<kw name="Input Text" library="SeleniumLibrary">
<arg>name:password</arg>
<arg>${PASS-2}</arg>
<doc>Types the given ``text`` into the text field identified by ``locator``.</doc>
<msg timestamp="20231223 12:23:31.600" level="INFO">Typing text 'wrongpass' into text field 'name:password'.</msg>
<status status="PASS" starttime="20231223 12:23:31.599" endtime="20231223 12:23:31.825"/>
</kw>
<kw name="Click Element" library="SeleniumLibrary">
<arg>xpath://button[@type='submit']</arg>
<doc>Click the element identified by ``locator``.</doc>
<msg timestamp="20231223 12:23:31.827" level="INFO">Clicking element 'xpath://button[@type='submit']'.</msg>
<status status="PASS" starttime="20231223 12:23:31.825" endtime="20231223 12:23:31.998"/>
</kw>
<kw name="Close Browser" library="SeleniumLibrary">
<doc>Closes the current browser.</doc>
<status status="PASS" starttime="20231223 12:23:31.999" endtime="20231223 12:23:34.182"/>
</kw>
<status status="PASS" starttime="20231223 12:23:25.755" endtime="20231223 12:23:34.183"/>
</test>
<test id="s1-t3" name="testcase-3" line="39">
<kw name="Login Success">
<kw name="Open Browser" library="SeleniumLibrary">
<arg>${HOST}</arg>
<arg>${BROWSER}</arg>
<doc>Opens a new browser instance to the optional ``url``.</doc>
<msg timestamp="20231223 12:23:34.186" level="INFO">Opening browser 'chrome' to base url 'http://localhost/Website-Simple-Data-Mahasiswa-Menggunakan-PHP-main/login.php'.</msg>
<status status="PASS" starttime="20231223 12:23:34.185" endtime="20231223 12:23:36.911"/>
</kw>
<kw name="Page Should Contain Element" library="SeleniumLibrary">
<arg>xpath://h4[@class='fw-bold' and contains(text(), 'Login | Admin')]</arg>
<doc>Verifies that element ``locator`` is found on the current page.</doc>
<msg timestamp="20231223 12:23:36.935" level="INFO">Current page contains element 'xpath://h4[@class='fw-bold' and contains(text(), 'Login | Admin')]'.</msg>
<status status="PASS" starttime="20231223 12:23:36.911" endtime="20231223 12:23:36.935"/>
</kw>
<kw name="Input Text" library="SeleniumLibrary">
<arg>name:username</arg>
<arg>${EMAIL}</arg>
<doc>Types the given ``text`` into the text field identified by ``locator``.</doc>
<msg timestamp="20231223 12:23:36.936" level="INFO">Typing text 'admin' into text field 'name:username'.</msg>
<status status="PASS" starttime="20231223 12:23:36.935" endtime="20231223 12:23:37.159"/>
</kw>
<kw name="Input Text" library="SeleniumLibrary">
<arg>name:password</arg>
<arg>${PASS-1}</arg>
<doc>Types the given ``text`` into the text field identified by ``locator``.</doc>
<msg timestamp="20231223 12:23:37.160" level="INFO">Typing text 'admin' into text field 'name:password'.</msg>
<status status="PASS" starttime="20231223 12:23:37.159" endtime="20231223 12:23:37.361"/>
</kw>
<kw name="Click Element" library="SeleniumLibrary">
<arg>xpath://button[@type='submit']</arg>
<doc>Click the element identified by ``locator``.</doc>
<msg timestamp="20231223 12:23:37.362" level="INFO">Clicking element 'xpath://button[@type='submit']'.</msg>
<status status="PASS" starttime="20231223 12:23:37.361" endtime="20231223 12:23:39.847"/>
</kw>
<kw name="Page Should Contain Element" library="SeleniumLibrary">
<arg>xpath://h3[contains(text(), 'Data Mahasiswa FTI')]</arg>
<doc>Verifies that element ``locator`` is found on the current page.</doc>
<msg timestamp="20231223 12:23:39.870" level="INFO">Current page contains element 'xpath://h3[contains(text(), 'Data Mahasiswa FTI')]'.</msg>
<status status="PASS" starttime="20231223 12:23:39.847" endtime="20231223 12:23:39.870"/>
</kw>
<status status="PASS" starttime="20231223 12:23:34.185" endtime="20231223 12:23:39.870"/>
</kw>
<kw name="Click Element" library="SeleniumLibrary">
<arg>xpath://a[@class='nav-link' and @href='logout.php']</arg>
<doc>Click the element identified by ``locator``.</doc>
<msg timestamp="20231223 12:23:39.871" level="INFO">Clicking element 'xpath://a[@class='nav-link' and @href='logout.php']'.</msg>
<status status="PASS" starttime="20231223 12:23:39.871" endtime="20231223 12:23:40.042"/>
</kw>
<kw name="Page Should Contain Element" library="SeleniumLibrary">
<arg>xpath://h4[@class='fw-bold' and contains(text(), 'Login | Admin')]</arg>
<doc>Verifies that element ``locator`` is found on the current page.</doc>
<msg timestamp="20231223 12:23:40.060" level="INFO">Current page contains element 'xpath://h4[@class='fw-bold' and contains(text(), 'Login | Admin')]'.</msg>
<status status="PASS" starttime="20231223 12:23:40.042" endtime="20231223 12:23:40.060"/>
</kw>
<kw name="Close Browser" library="SeleniumLibrary">
<doc>Closes the current browser.</doc>
<status status="PASS" starttime="20231223 12:23:40.060" endtime="20231223 12:23:42.240"/>
</kw>
<status status="PASS" starttime="20231223 12:23:34.184" endtime="20231223 12:23:42.241"/>
</test>
<test id="s1-t4" name="testcase-4" line="46">
<kw name="Login Success">
<kw name="Open Browser" library="SeleniumLibrary">
<arg>${HOST}</arg>
<arg>${BROWSER}</arg>
<doc>Opens a new browser instance to the optional ``url``.</doc>
<msg timestamp="20231223 12:23:42.245" level="INFO">Opening browser 'chrome' to base url 'http://localhost/Website-Simple-Data-Mahasiswa-Menggunakan-PHP-main/login.php'.</msg>
<status status="PASS" starttime="20231223 12:23:42.244" endtime="20231223 12:23:47.384"/>
</kw>
<kw name="Page Should Contain Element" library="SeleniumLibrary">
<arg>xpath://h4[@class='fw-bold' and contains(text(), 'Login | Admin')]</arg>
<doc>Verifies that element ``locator`` is found on the current page.</doc>
<msg timestamp="20231223 12:23:47.408" level="INFO">Current page contains element 'xpath://h4[@class='fw-bold' and contains(text(), 'Login | Admin')]'.</msg>
<status status="PASS" starttime="20231223 12:23:47.385" endtime="20231223 12:23:47.408"/>
</kw>
<kw name="Input Text" library="SeleniumLibrary">
<arg>name:username</arg>
<arg>${EMAIL}</arg>
<doc>Types the given ``text`` into the text field identified by ``locator``.</doc>
<msg timestamp="20231223 12:23:47.410" level="INFO">Typing text 'admin' into text field 'name:username'.</msg>
<status status="PASS" starttime="20231223 12:23:47.409" endtime="20231223 12:23:47.622"/>
</kw>
<kw name="Input Text" library="SeleniumLibrary">
<arg>name:password</arg>
<arg>${PASS-1}</arg>
<doc>Types the given ``text`` into the text field identified by ``locator``.</doc>
<msg timestamp="20231223 12:23:47.623" level="INFO">Typing text 'admin' into text field 'name:password'.</msg>
<status status="PASS" starttime="20231223 12:23:47.622" endtime="20231223 12:23:47.810"/>
</kw>
<kw name="Click Element" library="SeleniumLibrary">
<arg>xpath://button[@type='submit']</arg>
<doc>Click the element identified by ``locator``.</doc>
<msg timestamp="20231223 12:23:47.810" level="INFO">Clicking element 'xpath://button[@type='submit']'.</msg>
<status status="PASS" starttime="20231223 12:23:47.810" endtime="20231223 12:23:51.788"/>
</kw>
<kw name="Page Should Contain Element" library="SeleniumLibrary">
<arg>xpath://h3[contains(text(), 'Data Mahasiswa FTI')]</arg>
<doc>Verifies that element ``locator`` is found on the current page.</doc>
<msg timestamp="20231223 12:23:51.807" level="INFO">Current page contains element 'xpath://h3[contains(text(), 'Data Mahasiswa FTI')]'.</msg>
<status status="PASS" starttime="20231223 12:23:51.788" endtime="20231223 12:23:51.807"/>
</kw>
<status status="PASS" starttime="20231223 12:23:42.244" endtime="20231223 12:23:51.807"/>
</kw>
<kw name="Click Element" library="SeleniumLibrary">
<arg>xpath://a[@href='addData.php' and contains(@class, 'btn btn-primary')]</arg>
<doc>Click the element identified by ``locator``.</doc>
<msg timestamp="20231223 12:23:51.809" level="INFO">Clicking element 'xpath://a[@href='addData.php' and contains(@class, 'btn btn-primary')]'.</msg>
<status status="PASS" starttime="20231223 12:23:51.808" endtime="20231223 12:23:51.964"/>
</kw>
<kw name="Page Should Contain Element" library="SeleniumLibrary">
<arg>xpath://h3[@class='fw-bold text-uppercase' and contains(i/@class, 'bi bi-person-plus-fill')]</arg>
<doc>Verifies that element ``locator`` is found on the current page.</doc>
<msg timestamp="20231223 12:23:51.994" level="INFO">Current page contains element 'xpath://h3[@class='fw-bold text-uppercase' and contains(i/@class, 'bi bi-person-plus-fill')]'.</msg>
<status status="PASS" starttime="20231223 12:23:51.965" endtime="20231223 12:23:51.994"/>
</kw>
<kw name="Input Text" library="SeleniumLibrary">
<arg>name:nim</arg>
<arg>${COMPANY}</arg>
<doc>Types the given ``text`` into the text field identified by ``locator``.</doc>
<msg timestamp="20231223 12:23:51.997" level="INFO">Typing text '201011402139' into text field 'name:nim'.</msg>
<status status="PASS" starttime="20231223 12:23:51.996" endtime="20231223 12:23:52.230"/>
</kw>
<kw name="Input Text" library="SeleniumLibrary">
<arg>name:nama</arg>
<arg>${TITLE}</arg>
<doc>Types the given ``text`` into the text field identified by ``locator``.</doc>
<msg timestamp="20231223 12:23:52.232" level="INFO">Typing text 'Lerdy' into text field 'name:nama'.</msg>
<status status="PASS" starttime="20231223 12:23:52.231" endtime="20231223 12:23:52.412"/>
</kw>
<kw name="Input Text" library="SeleniumLibrary">
<arg>name:kelas</arg>
<arg>${LOCATION}</arg>
<doc>Types the given ``text`` into the text field identified by ``locator``.</doc>
<msg timestamp="20231223 12:23:52.414" level="INFO">Typing text '07TPLE007' into text field 'name:kelas'.</msg>
<status status="PASS" starttime="20231223 12:23:52.413" endtime="20231223 12:23:52.623"/>
</kw>
<kw name="Input Text" library="SeleniumLibrary">
<arg>name:jurusan</arg>
<arg>${JOBEMAIL}</arg>
<doc>Types the given ``text`` into the text field identified by ``locator``.</doc>
<msg timestamp="20231223 12:23:52.625" level="INFO">Typing text 'teknik informatika' into text field 'name:jurusan'.</msg>
<status status="PASS" starttime="20231223 12:23:52.624" endtime="20231223 12:23:52.889"/>
</kw>
<kw name="Input Text" library="SeleniumLibrary">
<arg>name:semester</arg>
<arg>${WEBSITE}</arg>
<doc>Types the given ``text`` into the text field identified by ``locator``.</doc>
<msg timestamp="20231223 12:23:52.890" level="INFO">Typing text '7' into text field 'name:semester'.</msg>
<status status="PASS" starttime="20231223 12:23:52.889" endtime="20231223 12:23:53.047"/>
</kw>
<kw name="Click Element" library="SeleniumLibrary">
<arg>xpath://button[@type='submit']</arg>
<doc>Click the element identified by ``locator``.</doc>
<msg timestamp="20231223 12:23:53.048" level="INFO">Clicking element 'xpath://button[@type='submit']'.</msg>
<status status="PASS" starttime="20231223 12:23:53.047" endtime="20231223 12:23:53.169"/>
</kw>
<kw name="Close Browser" library="SeleniumLibrary">
<doc>Closes the current browser.</doc>
<status status="PASS" starttime="20231223 12:23:53.171" endtime="20231223 12:23:55.354"/>
</kw>
<status status="PASS" starttime="20231223 12:23:42.243" endtime="20231223 12:23:55.355"/>
</test>
<test id="s1-t5" name="testcase-5" line="59">
<kw name="Login Success">
<kw name="Open Browser" library="SeleniumLibrary">
<arg>${HOST}</arg>
<arg>${BROWSER}</arg>
<doc>Opens a new browser instance to the optional ``url``.</doc>
<msg timestamp="20231223 12:23:55.358" level="INFO">Opening browser 'chrome' to base url 'http://localhost/Website-Simple-Data-Mahasiswa-Menggunakan-PHP-main/login.php'.</msg>
<status status="PASS" starttime="20231223 12:23:55.358" endtime="20231223 12:23:58.833"/>
</kw>
<kw name="Page Should Contain Element" library="SeleniumLibrary">
<arg>xpath://h4[@class='fw-bold' and contains(text(), 'Login | Admin')]</arg>
<doc>Verifies that element ``locator`` is found on the current page.</doc>
<msg timestamp="20231223 12:23:58.857" level="INFO">Current page contains element 'xpath://h4[@class='fw-bold' and contains(text(), 'Login | Admin')]'.</msg>
<status status="PASS" starttime="20231223 12:23:58.834" endtime="20231223 12:23:58.857"/>
</kw>
<kw name="Input Text" library="SeleniumLibrary">
<arg>name:username</arg>
<arg>${EMAIL}</arg>
<doc>Types the given ``text`` into the text field identified by ``locator``.</doc>
<msg timestamp="20231223 12:23:58.857" level="INFO">Typing text 'admin' into text field 'name:username'.</msg>
<status status="PASS" starttime="20231223 12:23:58.857" endtime="20231223 12:23:59.074"/>
</kw>
<kw name="Input Text" library="SeleniumLibrary">
<arg>name:password</arg>
<arg>${PASS-1}</arg>
<doc>Types the given ``text`` into the text field identified by ``locator``.</doc>
<msg timestamp="20231223 12:23:59.075" level="INFO">Typing text 'admin' into text field 'name:password'.</msg>
<status status="PASS" starttime="20231223 12:23:59.075" endtime="20231223 12:23:59.270"/>
</kw>
<kw name="Click Element" library="SeleniumLibrary">
<arg>xpath://button[@type='submit']</arg>
<doc>Click the element identified by ``locator``.</doc>
<msg timestamp="20231223 12:23:59.271" level="INFO">Clicking element 'xpath://button[@type='submit']'.</msg>
<status status="PASS" starttime="20231223 12:23:59.270" endtime="20231223 12:24:05.289"/>
</kw>
<kw name="Page Should Contain Element" library="SeleniumLibrary">
<arg>xpath://h3[contains(text(), 'Data Mahasiswa FTI')]</arg>
<doc>Verifies that element ``locator`` is found on the current page.</doc>
<msg timestamp="20231223 12:24:05.312" level="INFO">Current page contains element 'xpath://h3[contains(text(), 'Data Mahasiswa FTI')]'.</msg>
<status status="PASS" starttime="20231223 12:24:05.289" endtime="20231223 12:24:05.312"/>
</kw>
<status status="PASS" starttime="20231223 12:23:55.357" endtime="20231223 12:24:05.312"/>
</kw>
<kw name="Click Element" library="SeleniumLibrary">
<arg>xpath://a[@href='export.php' and @target='_blank' and contains(@class, 'btn btn-success ms-1') and contains(text(), 'Ekspor ke Excel')]</arg>
<doc>Click the element identified by ``locator``.</doc>
<msg timestamp="20231223 12:24:05.315" level="INFO">Clicking element 'xpath://a[@href='export.php' and @target='_blank' and contains(@class, 'btn btn-success ms-1') and contains(text(), 'Ekspor ke Excel')]'.</msg>
<status status="PASS" starttime="20231223 12:24:05.313" endtime="20231223 12:24:05.461"/>
</kw>
<kw name="Close Browser" library="SeleniumLibrary">
<doc>Closes the current browser.</doc>
<status status="PASS" starttime="20231223 12:24:05.462" endtime="20231223 12:24:07.658"/>
</kw>
<status status="PASS" starttime="20231223 12:23:55.357" endtime="20231223 12:24:07.660"/>
</test>
<status status="PASS" starttime="20231223 12:23:14.910" endtime="20231223 12:24:07.662"/>
</suite>
<statistics>
<total>
<stat pass="5" fail="0" skip="0">All Tests</stat>
</total>
<tag>
</tag>
<suite>
<stat pass="5" fail="0" skip="0" id="s1" name="Test-Suite">Test-Suite</stat>
</suite>
</statistics>
<errors>
</errors>
</robot>
